<?xml version="1.0" encoding="UTF-8"?>
<!-- Generated by org.testng.reporters.JUnitReportReporter -->
<testsuite hostname="DESKTOP-IAMN1KL" failures="0" tests="1" name="runner.CucumberRunnerTests" time="60.962" errors="0" timestamp="2025-05-26T16:42:25 IST" skipped="0">
  <testcase classname="runner.CucumberRunnerTests" name="runScenario" time="60.962"/>
  <system-out/>
</testsuite> <!-- runner.CucumberRunnerTests -->
